c:\users\jaxlo\source\repos\clashofclans\clashofclans\x64\debug\vc143.pdb
c:\users\jaxlo\source\repos\clashofclans\clashofclans\x64\debug\vc143.idb
c:\users\jaxlo\source\repos\my2dproject\2dproject\x64\debug\vc143.pdb
c:\users\jaxlo\source\repos\my2dproject\2dproject\x64\debug\vc143.idb
c:\users\jaxlo\source\repos\my2dproject\2dproject\x64\debug\walls.obj
c:\users\jaxlo\source\repos\my2dproject\2dproject\x64\debug\particle.obj
c:\users\jaxlo\source\repos\my2dproject\2dproject\x64\debug\main.obj
c:\users\jaxlo\source\repos\my2dproject\2dproject\x64\debug\ltexture.obj
c:\users\jaxlo\source\repos\my2dproject\2dproject\x64\debug\init.obj
c:\users\jaxlo\source\repos\my2dproject\2dproject\x64\debug\game.obj
c:\users\jaxlo\source\repos\my2dproject\2dproject\x64\debug\dot.obj
c:\users\jaxlo\source\repos\my2dproject\x64\debug\2dproject.exe
c:\users\jaxlo\source\repos\my2dproject\x64\debug\2dproject.pdb
c:\users\jaxlo\source\repos\my2dproject\2dproject\x64\debug\2dproject.ilk
c:\users\jaxlo\source\repos\my2dproject\2dproject\x64\debug\03_event_driven_programming.obj
c:\users\jaxlo\source\repos\my2dproject\2dproject\x64\debug\10_color_keying.obj
c:\users\jaxlo\source\repos\my2dproject\2dproject\x64\debug\11_clip_rendering_and_sprite_sheets.obj
c:\users\jaxlo\source\repos\my2dproject\2dproject\x64\debug\12_color_modulation.obj
c:\users\jaxlo\source\repos\my2dproject\2dproject\x64\debug\13_alpha_blending.obj
c:\users\jaxlo\source\repos\my2dproject\2dproject\x64\debug\14_animated_sprites_and_vsync.obj
c:\users\jaxlo\source\repos\my2dproject\2dproject\x64\debug\15_rotation_and_flipping.obj
c:\users\jaxlo\source\repos\my2dproject\2dproject\x64\debug\16_true_type_fonts.obj
c:\users\jaxlo\source\repos\my2dproject\2dproject\x64\debug\17_mouse_events.obj
c:\users\jaxlo\source\repos\my2dproject\2dproject\x64\debug\27_collision_detection.obj
c:\users\jaxlo\source\repos\my2dproject\2dproject\x64\debug\28_per-pixel_collision_detection.obj
c:\users\jaxlo\source\repos\my2dproject\2dproject\x64\debug\32_text_input_and_clipboard_handling.obj
c:\users\jaxlo\source\repos\my2dproject\2dproject\x64\debug\33_file_reading_and_writing.obj
c:\users\jaxlo\source\repos\my2dproject\2dproject\x64\debug\34_audio_recording.obj
c:\users\jaxlo\source\repos\my2dproject\2dproject\x64\debug\35_window_events.obj
c:\users\jaxlo\source\repos\my2dproject\2dproject\x64\debug\38_particle_engines.obj
c:\users\jaxlo\source\repos\my2dproject\2dproject\x64\debug\clashofclans.ilk
c:\users\jaxlo\source\repos\my2dproject\2dproject\x64\debug\2dproject.pdb
c:\users\jaxlo\source\repos\my2dproject\2dproject\x64\debug\2dproject.tlog\cl.command.1.tlog
c:\users\jaxlo\source\repos\my2dproject\2dproject\x64\debug\2dproject.tlog\cl.items.tlog
c:\users\jaxlo\source\repos\my2dproject\2dproject\x64\debug\2dproject.tlog\cl.read.1.tlog
c:\users\jaxlo\source\repos\my2dproject\2dproject\x64\debug\2dproject.tlog\cl.write.1.tlog
c:\users\jaxlo\source\repos\my2dproject\2dproject\x64\debug\2dproject.tlog\link.command.1.tlog
c:\users\jaxlo\source\repos\my2dproject\2dproject\x64\debug\2dproject.tlog\link.read.1.tlog
c:\users\jaxlo\source\repos\my2dproject\2dproject\x64\debug\2dproject.tlog\link.secondary.1.tlog
c:\users\jaxlo\source\repos\my2dproject\2dproject\x64\debug\2dproject.tlog\link.write.1.tlog
